[2023-08-14 18:25:08] production.ERROR: required information is missing (directory or filename) {"process":"[attachments-app-logo]","ref":"3836409","function":"processAppLogo","file":"AttachmentRepository.php","line":258,"path":"/home/visom6/crm_visom6_com/application/app/Repositories/AttachmentRepository.php","data":{"directory":null,"filename":null,"logo_size":null,"unique_name":"EtNxA1WeuWpU8M41692030308","new_filename":"EtNxA1WeuWpU8M41692030308."}} 
[2023-08-31 22:25:05] production.ERROR: SQLSTATE[42000]: Syntax error or access violation: 1064 You have an error in your SQL syntax; check the manual that corresponds to your MySQL server version for the right syntax to use near 'CK-002' at line 1 (SQL: ALTER TABLE invoices AUTO_INCREMENT = CK-002) {"userId":1,"exception":"[object] (Illuminate\\Database\\QueryException(code: 42000): SQLSTATE[42000]: Syntax error or access violation: 1064 You have an error in your SQL syntax; check the manual that corresponds to your MySQL server version for the right syntax to use near 'CK-002' at line 1 (SQL: ALTER TABLE invoices AUTO_INCREMENT = CK-002) at /home/visom6/crm_visom6_com/application/vendor/laravel/framework/src/Illuminate/Database/Connection.php:712)
[stacktrace]
#0 /home/visom6/crm_visom6_com/application/vendor/laravel/framework/src/Illuminate/Database/Connection.php(672): Illuminate\\Database\\Connection->runQueryCallback('ALTER TABLE inv...', Array, Object(Closure))
#1 /home/visom6/crm_visom6_com/application/vendor/laravel/framework/src/Illuminate/Database/Connection.php(376): Illuminate\\Database\\Connection->run('ALTER TABLE inv...', Array, Object(Closure))
#2 /home/visom6/crm_visom6_com/application/vendor/laravel/framework/src/Illuminate/Database/DatabaseManager.php(442): Illuminate\\Database\\Connection->select('ALTER TABLE inv...')
#3 /home/visom6/crm_visom6_com/application/vendor/laravel/framework/src/Illuminate/Support/Facades/Facade.php(261): Illuminate\\Database\\DatabaseManager->__call('select', Array)
#4 /home/visom6/crm_visom6_com/application/app/Http/Controllers/Settings/Invoices.php(96): Illuminate\\Support\\Facades\\Facade::__callStatic('select', Array)
#5 /home/visom6/crm_visom6_com/application/vendor/laravel/framework/src/Illuminate/Routing/Controller.php(54): App\\Http\\Controllers\\Settings\\Invoices->update()
#6 /home/visom6/crm_visom6_com/application/vendor/laravel/framework/src/Illuminate/Routing/ControllerDispatcher.php(45): Illuminate\\Routing\\Controller->callAction('update', Array)
#7 /home/visom6/crm_visom6_com/application/vendor/laravel/framework/src/Illuminate/Routing/Route.php(262): Illuminate\\Routing\\ControllerDispatcher->dispatch(Object(Illuminate\\Routing\\Route), Object(App\\Http\\Controllers\\Settings\\Invoices), 'update')
#8 /home/visom6/crm_visom6_com/application/vendor/laravel/framework/src/Illuminate/Routing/Route.php(205): Illuminate\\Routing\\Route->runController()
#9 /home/visom6/crm_visom6_com/application/vendor/laravel/framework/src/Illuminate/Routing/Router.php(721): Illuminate\\Routing\\Route->run()
#10 /home/visom6/crm_visom6_com/application/vendor/laravel/framework/src/Illuminate/Pipeline/Pipeline.php(128): Illuminate\\Routing\\Router->Illuminate\\Routing\\{closure}(Object(Illuminate\\Http\\Request))
#11 /home/visom6/crm_visom6_com/application/app/Http/Middleware/Settings/Index.php(39): Illuminate\\Pipeline\\Pipeline->Illuminate\\Pipeline\\{closure}(Object(Illuminate\\Http\\Request))
#12 /home/visom6/crm_visom6_com/application/vendor/laravel/framework/src/Illuminate/Pipeline/Pipeline.php(167): App\\Http\\Middleware\\Settings\\Index->handle(Object(Illuminate\\Http\\Request), Object(Closure))
#13 /home/visom6/crm_visom6_com/application/app/Http/Middleware/General/DemoCheck.php(29): Illuminate\\Pipeline\\Pipeline->Illuminate\\Pipeline\\{closure}(Object(Illuminate\\Http\\Request))
#14 /home/visom6/crm_visom6_com/application/vendor/laravel/framework/src/Illuminate/Pipeline/Pipeline.php(167): App\\Http\\Middleware\\General\\DemoCheck->handle(Object(Illuminate\\Http\\Request), Object(Closure))
#15 /home/visom6/crm_visom6_com/application/app/Http/Middleware/Modules/Menus.php(34): Illuminate\\Pipeline\\Pipeline->Illuminate\\Pipeline\\{closure}(Object(Illuminate\\Http\\Request))
#16 /home/visom6/crm_visom6_com/application/vendor/laravel/framework/src/Illuminate/Pipeline/Pipeline.php(167): App\\Http\\Middleware\\Modules\\Menus->handle(Object(Illuminate\\Http\\Request), Object(Closure))
#17 /home/visom6/crm_visom6_com/application/app/Http/Middleware/Modules/Visibility.php(55): Illuminate\\Pipeline\\Pipeline->Illuminate\\Pipeline\\{closure}(Object(Illuminate\\Http\\Request))
#18 /home/visom6/crm_visom6_com/application/vendor/laravel/framework/src/Illuminate/Pipeline/Pipeline.php(167): App\\Http\\Middleware\\Modules\\Visibility->handle(Object(Illuminate\\Http\\Request), Object(Closure))
#19 /home/visom6/crm_visom6_com/application/app/Http/Middleware/Modules/Status.php(59): Illuminate\\Pipeline\\Pipeline->Illuminate\\Pipeline\\{closure}(Object(Illuminate\\Http\\Request))
#20 /home/visom6/crm_visom6_com/application/vendor/laravel/framework/src/Illuminate/Pipeline/Pipeline.php(167): App\\Http\\Middleware\\Modules\\Status->handle(Object(Illuminate\\Http\\Request), Object(Closure))
#21 /home/visom6/crm_visom6_com/application/app/Http/Middleware/General/General.php(103): Illuminate\\Pipeline\\Pipeline->Illuminate\\Pipeline\\{closure}(Object(Illuminate\\Http\\Request))
#22 /home/visom6/crm_visom6_com/application/vendor/laravel/framework/src/Illuminate/Pipeline/Pipeline.php(167): App\\Http\\Middleware\\General\\General->handle(Object(Illuminate\\Http\\Request), Object(Closure))
#23 /home/visom6/crm_visom6_com/application/app/Http/Middleware/General/SanityCheck.php(45): Illuminate\\Pipeline\\Pipeline->Illuminate\\Pipeline\\{closure}(Object(Illuminate\\Http\\Request))
#24 /home/visom6/crm_visom6_com/application/vendor/laravel/framework/src/Illuminate/Pipeline/Pipeline.php(167): App\\Http\\Middleware\\General\\SanityCheck->handle(Object(Illuminate\\Http\\Request), Object(Closure))
#25 /home/visom6/crm_visom6_com/application/app/Http/Middleware/General/Settings.php(47): Illuminate\\Pipeline\\Pipeline->Illuminate\\Pipeline\\{closure}(Object(Illuminate\\Http\\Request))
#26 /home/visom6/crm_visom6_com/application/vendor/laravel/framework/src/Illuminate/Pipeline/Pipeline.php(167): App\\Http\\Middleware\\General\\Settings->handle(Object(Illuminate\\Http\\Request), Object(Closure))
#27 /home/visom6/crm_visom6_com/application/vendor/laravel/framework/src/Illuminate/Routing/Middleware/SubstituteBindings.php(50): Illuminate\\Pipeline\\Pipeline->Illuminate\\Pipeline\\{closure}(Object(Illuminate\\Http\\Request))
#28 /home/visom6/crm_visom6_com/application/vendor/laravel/framework/src/Illuminate/Pipeline/Pipeline.php(167): Illuminate\\Routing\\Middleware\\SubstituteBindings->handle(Object(Illuminate\\Http\\Request), Object(Closure))
#29 /home/visom6/crm_visom6_com/application/vendor/laravel/framework/src/Illuminate/Auth/Middleware/Authenticate.php(44): Illuminate\\Pipeline\\Pipeline->Illuminate\\Pipeline\\{closure}(Object(Illuminate\\Http\\Request))
#30 /home/visom6/crm_visom6_com/application/vendor/laravel/framework/src/Illuminate/Pipeline/Pipeline.php(167): Illuminate\\Auth\\Middleware\\Authenticate->handle(Object(Illuminate\\Http\\Request), Object(Closure))
#31 /home/visom6/crm_visom6_com/application/vendor/laravel/framework/src/Illuminate/Foundation/Http/Middleware/VerifyCsrfToken.php(78): Illuminate\\Pipeline\\Pipeline->Illuminate\\Pipeline\\{closure}(Object(Illuminate\\Http\\Request))
#32 /home/visom6/crm_visom6_com/application/vendor/laravel/framework/src/Illuminate/Pipeline/Pipeline.php(167): Illuminate\\Foundation\\Http\\Middleware\\VerifyCsrfToken->handle(Object(Illuminate\\Http\\Request), Object(Closure))
#33 /home/visom6/crm_visom6_com/application/vendor/laravel/framework/src/Illuminate/View/Middleware/ShareErrorsFromSession.php(49): Illuminate\\Pipeline\\Pipeline->Illuminate\\Pipeline\\{closure}(Object(Illuminate\\Http\\Request))
#34 /home/visom6/crm_visom6_com/application/vendor/laravel/framework/src/Illuminate/Pipeline/Pipeline.php(167): Illuminate\\View\\Middleware\\ShareErrorsFromSession->handle(Object(Illuminate\\Http\\Request), Object(Closure))
#35 /home/visom6/crm_visom6_com/application/vendor/laravel/framework/src/Illuminate/Session/Middleware/StartSession.php(121): Illuminate\\Pipeline\\Pipeline->Illuminate\\Pipeline\\{closure}(Object(Illuminate\\Http\\Request))
#36 /home/visom6/crm_visom6_com/application/vendor/laravel/framework/src/Illuminate/Session/Middleware/StartSession.php(64): Illuminate\\Session\\Middleware\\StartSession->handleStatefulRequest(Object(Illuminate\\Http\\Request), Object(Illuminate\\Session\\Store), Object(Closure))
#37 /home/visom6/crm_visom6_com/application/vendor/laravel/framework/src/Illuminate/Pipeline/Pipeline.php(167): Illuminate\\Session\\Middleware\\StartSession->handle(Object(Illuminate\\Http\\Request), Object(Closure))
#38 /home/visom6/crm_visom6_com/application/vendor/laravel/framework/src/Illuminate/Cookie/Middleware/AddQueuedCookiesToResponse.php(37): Illuminate\\Pipeline\\Pipeline->Illuminate\\Pipeline\\{closure}(Object(Illuminate\\Http\\Request))
#39 /home/visom6/crm_visom6_com/application/vendor/laravel/framework/src/Illuminate/Pipeline/Pipeline.php(167): Illuminate\\Cookie\\Middleware\\AddQueuedCookiesToResponse->handle(Object(Illuminate\\Http\\Request), Object(Closure))
#40 /home/visom6/crm_visom6_com/application/vendor/laravel/framework/src/Illuminate/Cookie/Middleware/EncryptCookies.php(67): Illuminate\\Pipeline\\Pipeline->Illuminate\\Pipeline\\{closure}(Object(Illuminate\\Http\\Request))
#41 /home/visom6/crm_visom6_com/application/vendor/laravel/framework/src/Illuminate/Pipeline/Pipeline.php(167): Illuminate\\Cookie\\Middleware\\EncryptCookies->handle(Object(Illuminate\\Http\\Request), Object(Closure))
#42 /home/visom6/crm_visom6_com/application/app/Http/Middleware/General/Setup.php(37): Illuminate\\Pipeline\\Pipeline->Illuminate\\Pipeline\\{closure}(Object(Illuminate\\Http\\Request))
#43 /home/visom6/crm_visom6_com/application/vendor/laravel/framework/src/Illuminate/Pipeline/Pipeline.php(167): App\\Http\\Middleware\\General\\Setup->handle(Object(Illuminate\\Http\\Request), Object(Closure))
#44 /home/visom6/crm_visom6_com/application/vendor/laravel/framework/src/Illuminate/Pipeline/Pipeline.php(103): Illuminate\\Pipeline\\Pipeline->Illuminate\\Pipeline\\{closure}(Object(Illuminate\\Http\\Request))
#45 /home/visom6/crm_visom6_com/application/vendor/laravel/framework/src/Illuminate/Routing/Router.php(723): Illuminate\\Pipeline\\Pipeline->then(Object(Closure))
#46 /home/visom6/crm_visom6_com/application/vendor/laravel/framework/src/Illuminate/Routing/Router.php(698): Illuminate\\Routing\\Router->runRouteWithinStack(Object(Illuminate\\Routing\\Route), Object(Illuminate\\Http\\Request))
#47 /home/visom6/crm_visom6_com/application/vendor/laravel/framework/src/Illuminate/Routing/Router.php(662): Illuminate\\Routing\\Router->runRoute(Object(Illuminate\\Http\\Request), Object(Illuminate\\Routing\\Route))
#48 /home/visom6/crm_visom6_com/application/vendor/laravel/framework/src/Illuminate/Routing/Router.php(651): Illuminate\\Routing\\Router->dispatchToRoute(Object(Illuminate\\Http\\Request))
#49 /home/visom6/crm_visom6_com/application/vendor/laravel/framework/src/Illuminate/Foundation/Http/Kernel.php(167): Illuminate\\Routing\\Router->dispatch(Object(Illuminate\\Http\\Request))
#50 /home/visom6/crm_visom6_com/application/vendor/laravel/framework/src/Illuminate/Pipeline/Pipeline.php(128): Illuminate\\Foundation\\Http\\Kernel->Illuminate\\Foundation\\Http\\{closure}(Object(Illuminate\\Http\\Request))
#51 /home/visom6/crm_visom6_com/application/vendor/barryvdh/laravel-debugbar/src/Middleware/InjectDebugbar.php(60): Illuminate\\Pipeline\\Pipeline->Illuminate\\Pipeline\\{closure}(Object(Illuminate\\Http\\Request))
#52 /home/visom6/crm_visom6_com/application/vendor/laravel/framework/src/Illuminate/Pipeline/Pipeline.php(167): Barryvdh\\Debugbar\\Middleware\\InjectDebugbar->handle(Object(Illuminate\\Http\\Request), Object(Closure))
#53 /home/visom6/crm_visom6_com/application/vendor/fideloper/proxy/src/TrustProxies.php(57): Illuminate\\Pipeline\\Pipeline->Illuminate\\Pipeline\\{closure}(Object(Illuminate\\Http\\Request))
#54 /home/visom6/crm_visom6_com/application/vendor/laravel/framework/src/Illuminate/Pipeline/Pipeline.php(167): Fideloper\\Proxy\\TrustProxies->handle(Object(Illuminate\\Http\\Request), Object(Closure))
#55 /home/visom6/crm_visom6_com/application/vendor/laravel/framework/src/Illuminate/Foundation/Http/Middleware/TransformsRequest.php(21): Illuminate\\Pipeline\\Pipeline->Illuminate\\Pipeline\\{closure}(Object(Illuminate\\Http\\Request))
#56 /home/visom6/crm_visom6_com/application/vendor/laravel/framework/src/Illuminate/Foundation/Http/Middleware/ConvertEmptyStringsToNull.php(31): Illuminate\\Foundation\\Http\\Middleware\\TransformsRequest->handle(Object(Illuminate\\Http\\Request), Object(Closure))
#57 /home/visom6/crm_visom6_com/application/vendor/laravel/framework/src/Illuminate/Pipeline/Pipeline.php(167): Illuminate\\Foundation\\Http\\Middleware\\ConvertEmptyStringsToNull->handle(Object(Illuminate\\Http\\Request), Object(Closure))
#58 /home/visom6/crm_visom6_com/application/vendor/laravel/framework/src/Illuminate/Foundation/Http/Middleware/TransformsRequest.php(21): Illuminate\\Pipeline\\Pipeline->Illuminate\\Pipeline\\{closure}(Object(Illuminate\\Http\\Request))
#59 /home/visom6/crm_visom6_com/application/vendor/laravel/framework/src/Illuminate/Foundation/Http/Middleware/TrimStrings.php(40): Illuminate\\Foundation\\Http\\Middleware\\TransformsRequest->handle(Object(Illuminate\\Http\\Request), Object(Closure))
#60 /home/visom6/crm_visom6_com/application/vendor/laravel/framework/src/Illuminate/Pipeline/Pipeline.php(167): Illuminate\\Foundation\\Http\\Middleware\\TrimStrings->handle(Object(Illuminate\\Http\\Request), Object(Closure))
#61 /home/visom6/crm_visom6_com/application/vendor/laravel/framework/src/Illuminate/Foundation/Http/Middleware/ValidatePostSize.php(27): Illuminate\\Pipeline\\Pipeline->Illuminate\\Pipeline\\{closure}(Object(Illuminate\\Http\\Request))
#62 /home/visom6/crm_visom6_com/application/vendor/laravel/framework/src/Illuminate/Pipeline/Pipeline.php(167): Illuminate\\Foundation\\Http\\Middleware\\ValidatePostSize->handle(Object(Illuminate\\Http\\Request), Object(Closure))
#63 /home/visom6/crm_visom6_com/application/vendor/laravel/framework/src/Illuminate/Foundation/Http/Middleware/PreventRequestsDuringMaintenance.php(86): Illuminate\\Pipeline\\Pipeline->Illuminate\\Pipeline\\{closure}(Object(Illuminate\\Http\\Request))
#64 /home/visom6/crm_visom6_com/application/vendor/laravel/framework/src/Illuminate/Pipeline/Pipeline.php(167): Illuminate\\Foundation\\Http\\Middleware\\PreventRequestsDuringMaintenance->handle(Object(Illuminate\\Http\\Request), Object(Closure))
#65 /home/visom6/crm_visom6_com/application/vendor/laravel/framework/src/Illuminate/Pipeline/Pipeline.php(103): Illuminate\\Pipeline\\Pipeline->Illuminate\\Pipeline\\{closure}(Object(Illuminate\\Http\\Request))
#66 /home/visom6/crm_visom6_com/application/vendor/laravel/framework/src/Illuminate/Foundation/Http/Kernel.php(142): Illuminate\\Pipeline\\Pipeline->then(Object(Closure))
#67 /home/visom6/crm_visom6_com/application/vendor/laravel/framework/src/Illuminate/Foundation/Http/Kernel.php(111): Illuminate\\Foundation\\Http\\Kernel->sendRequestThroughRouter(Object(Illuminate\\Http\\Request))
#68 /home/visom6/crm_visom6_com/index.php(92): Illuminate\\Foundation\\Http\\Kernel->handle(Object(Illuminate\\Http\\Request))
#69 {main}

[previous exception] [object] (PDOException(code: 42000): SQLSTATE[42000]: Syntax error or access violation: 1064 You have an error in your SQL syntax; check the manual that corresponds to your MySQL server version for the right syntax to use near 'CK-002' at line 1 at /home/visom6/crm_visom6_com/application/vendor/laravel/framework/src/Illuminate/Database/Connection.php:368)
[stacktrace]
#0 /home/visom6/crm_visom6_com/application/vendor/laravel/framework/src/Illuminate/Database/Connection.php(368): PDO->prepare('ALTER TABLE inv...')
#1 /home/visom6/crm_visom6_com/application/vendor/laravel/framework/src/Illuminate/Database/Connection.php(705): Illuminate\\Database\\Connection->Illuminate\\Database\\{closure}('ALTER TABLE inv...', Array)
#2 /home/visom6/crm_visom6_com/application/vendor/laravel/framework/src/Illuminate/Database/Connection.php(672): Illuminate\\Database\\Connection->runQueryCallback('ALTER TABLE inv...', Array, Object(Closure))
#3 /home/visom6/crm_visom6_com/application/vendor/laravel/framework/src/Illuminate/Database/Connection.php(376): Illuminate\\Database\\Connection->run('ALTER TABLE inv...', Array, Object(Closure))
#4 /home/visom6/crm_visom6_com/application/vendor/laravel/framework/src/Illuminate/Database/DatabaseManager.php(442): Illuminate\\Database\\Connection->select('ALTER TABLE inv...')
#5 /home/visom6/crm_visom6_com/application/vendor/laravel/framework/src/Illuminate/Support/Facades/Facade.php(261): Illuminate\\Database\\DatabaseManager->__call('select', Array)
#6 /home/visom6/crm_visom6_com/application/app/Http/Controllers/Settings/Invoices.php(96): Illuminate\\Support\\Facades\\Facade::__callStatic('select', Array)
#7 /home/visom6/crm_visom6_com/application/vendor/laravel/framework/src/Illuminate/Routing/Controller.php(54): App\\Http\\Controllers\\Settings\\Invoices->update()
#8 /home/visom6/crm_visom6_com/application/vendor/laravel/framework/src/Illuminate/Routing/ControllerDispatcher.php(45): Illuminate\\Routing\\Controller->callAction('update', Array)
#9 /home/visom6/crm_visom6_com/application/vendor/laravel/framework/src/Illuminate/Routing/Route.php(262): Illuminate\\Routing\\ControllerDispatcher->dispatch(Object(Illuminate\\Routing\\Route), Object(App\\Http\\Controllers\\Settings\\Invoices), 'update')
#10 /home/visom6/crm_visom6_com/application/vendor/laravel/framework/src/Illuminate/Routing/Route.php(205): Illuminate\\Routing\\Route->runController()
#11 /home/visom6/crm_visom6_com/application/vendor/laravel/framework/src/Illuminate/Routing/Router.php(721): Illuminate\\Routing\\Route->run()
#12 /home/visom6/crm_visom6_com/application/vendor/laravel/framework/src/Illuminate/Pipeline/Pipeline.php(128): Illuminate\\Routing\\Router->Illuminate\\Routing\\{closure}(Object(Illuminate\\Http\\Request))
#13 /home/visom6/crm_visom6_com/application/app/Http/Middleware/Settings/Index.php(39): Illuminate\\Pipeline\\Pipeline->Illuminate\\Pipeline\\{closure}(Object(Illuminate\\Http\\Request))
#14 /home/visom6/crm_visom6_com/application/vendor/laravel/framework/src/Illuminate/Pipeline/Pipeline.php(167): App\\Http\\Middleware\\Settings\\Index->handle(Object(Illuminate\\Http\\Request), Object(Closure))
#15 /home/visom6/crm_visom6_com/application/app/Http/Middleware/General/DemoCheck.php(29): Illuminate\\Pipeline\\Pipeline->Illuminate\\Pipeline\\{closure}(Object(Illuminate\\Http\\Request))
#16 /home/visom6/crm_visom6_com/application/vendor/laravel/framework/src/Illuminate/Pipeline/Pipeline.php(167): App\\Http\\Middleware\\General\\DemoCheck->handle(Object(Illuminate\\Http\\Request), Object(Closure))
#17 /home/visom6/crm_visom6_com/application/app/Http/Middleware/Modules/Menus.php(34): Illuminate\\Pipeline\\Pipeline->Illuminate\\Pipeline\\{closure}(Object(Illuminate\\Http\\Request))
#18 /home/visom6/crm_visom6_com/application/vendor/laravel/framework/src/Illuminate/Pipeline/Pipeline.php(167): App\\Http\\Middleware\\Modules\\Menus->handle(Object(Illuminate\\Http\\Request), Object(Closure))
#19 /home/visom6/crm_visom6_com/application/app/Http/Middleware/Modules/Visibility.php(55): Illuminate\\Pipeline\\Pipeline->Illuminate\\Pipeline\\{closure}(Object(Illuminate\\Http\\Request))
#20 /home/visom6/crm_visom6_com/application/vendor/laravel/framework/src/Illuminate/Pipeline/Pipeline.php(167): App\\Http\\Middleware\\Modules\\Visibility->handle(Object(Illuminate\\Http\\Request), Object(Closure))
#21 /home/visom6/crm_visom6_com/application/app/Http/Middleware/Modules/Status.php(59): Illuminate\\Pipeline\\Pipeline->Illuminate\\Pipeline\\{closure}(Object(Illuminate\\Http\\Request))
#22 /home/visom6/crm_visom6_com/application/vendor/laravel/framework/src/Illuminate/Pipeline/Pipeline.php(167): App\\Http\\Middleware\\Modules\\Status->handle(Object(Illuminate\\Http\\Request), Object(Closure))
#23 /home/visom6/crm_visom6_com/application/app/Http/Middleware/General/General.php(103): Illuminate\\Pipeline\\Pipeline->Illuminate\\Pipeline\\{closure}(Object(Illuminate\\Http\\Request))
#24 /home/visom6/crm_visom6_com/application/vendor/laravel/framework/src/Illuminate/Pipeline/Pipeline.php(167): App\\Http\\Middleware\\General\\General->handle(Object(Illuminate\\Http\\Request), Object(Closure))
#25 /home/visom6/crm_visom6_com/application/app/Http/Middleware/General/SanityCheck.php(45): Illuminate\\Pipeline\\Pipeline->Illuminate\\Pipeline\\{closure}(Object(Illuminate\\Http\\Request))
#26 /home/visom6/crm_visom6_com/application/vendor/laravel/framework/src/Illuminate/Pipeline/Pipeline.php(167): App\\Http\\Middleware\\General\\SanityCheck->handle(Object(Illuminate\\Http\\Request), Object(Closure))
#27 /home/visom6/crm_visom6_com/application/app/Http/Middleware/General/Settings.php(47): Illuminate\\Pipeline\\Pipeline->Illuminate\\Pipeline\\{closure}(Object(Illuminate\\Http\\Request))
#28 /home/visom6/crm_visom6_com/application/vendor/laravel/framework/src/Illuminate/Pipeline/Pipeline.php(167): App\\Http\\Middleware\\General\\Settings->handle(Object(Illuminate\\Http\\Request), Object(Closure))
#29 /home/visom6/crm_visom6_com/application/vendor/laravel/framework/src/Illuminate/Routing/Middleware/SubstituteBindings.php(50): Illuminate\\Pipeline\\Pipeline->Illuminate\\Pipeline\\{closure}(Object(Illuminate\\Http\\Request))
#30 /home/visom6/crm_visom6_com/application/vendor/laravel/framework/src/Illuminate/Pipeline/Pipeline.php(167): Illuminate\\Routing\\Middleware\\SubstituteBindings->handle(Object(Illuminate\\Http\\Request), Object(Closure))
#31 /home/visom6/crm_visom6_com/application/vendor/laravel/framework/src/Illuminate/Auth/Middleware/Authenticate.php(44): Illuminate\\Pipeline\\Pipeline->Illuminate\\Pipeline\\{closure}(Object(Illuminate\\Http\\Request))
#32 /home/visom6/crm_visom6_com/application/vendor/laravel/framework/src/Illuminate/Pipeline/Pipeline.php(167): Illuminate\\Auth\\Middleware\\Authenticate->handle(Object(Illuminate\\Http\\Request), Object(Closure))
#33 /home/visom6/crm_visom6_com/application/vendor/laravel/framework/src/Illuminate/Foundation/Http/Middleware/VerifyCsrfToken.php(78): Illuminate\\Pipeline\\Pipeline->Illuminate\\Pipeline\\{closure}(Object(Illuminate\\Http\\Request))
#34 /home/visom6/crm_visom6_com/application/vendor/laravel/framework/src/Illuminate/Pipeline/Pipeline.php(167): Illuminate\\Foundation\\Http\\Middleware\\VerifyCsrfToken->handle(Object(Illuminate\\Http\\Request), Object(Closure))
#35 /home/visom6/crm_visom6_com/application/vendor/laravel/framework/src/Illuminate/View/Middleware/ShareErrorsFromSession.php(49): Illuminate\\Pipeline\\Pipeline->Illuminate\\Pipeline\\{closure}(Object(Illuminate\\Http\\Request))
#36 /home/visom6/crm_visom6_com/application/vendor/laravel/framework/src/Illuminate/Pipeline/Pipeline.php(167): Illuminate\\View\\Middleware\\ShareErrorsFromSession->handle(Object(Illuminate\\Http\\Request), Object(Closure))
#37 /home/visom6/crm_visom6_com/application/vendor/laravel/framework/src/Illuminate/Session/Middleware/StartSession.php(121): Illuminate\\Pipeline\\Pipeline->Illuminate\\Pipeline\\{closure}(Object(Illuminate\\Http\\Request))
#38 /home/visom6/crm_visom6_com/application/vendor/laravel/framework/src/Illuminate/Session/Middleware/StartSession.php(64): Illuminate\\Session\\Middleware\\StartSession->handleStatefulRequest(Object(Illuminate\\Http\\Request), Object(Illuminate\\Session\\Store), Object(Closure))
#39 /home/visom6/crm_visom6_com/application/vendor/laravel/framework/src/Illuminate/Pipeline/Pipeline.php(167): Illuminate\\Session\\Middleware\\StartSession->handle(Object(Illuminate\\Http\\Request), Object(Closure))
#40 /home/visom6/crm_visom6_com/application/vendor/laravel/framework/src/Illuminate/Cookie/Middleware/AddQueuedCookiesToResponse.php(37): Illuminate\\Pipeline\\Pipeline->Illuminate\\Pipeline\\{closure}(Object(Illuminate\\Http\\Request))
#41 /home/visom6/crm_visom6_com/application/vendor/laravel/framework/src/Illuminate/Pipeline/Pipeline.php(167): Illuminate\\Cookie\\Middleware\\AddQueuedCookiesToResponse->handle(Object(Illuminate\\Http\\Request), Object(Closure))
#42 /home/visom6/crm_visom6_com/application/vendor/laravel/framework/src/Illuminate/Cookie/Middleware/EncryptCookies.php(67): Illuminate\\Pipeline\\Pipeline->Illuminate\\Pipeline\\{closure}(Object(Illuminate\\Http\\Request))
#43 /home/visom6/crm_visom6_com/application/vendor/laravel/framework/src/Illuminate/Pipeline/Pipeline.php(167): Illuminate\\Cookie\\Middleware\\EncryptCookies->handle(Object(Illuminate\\Http\\Request), Object(Closure))
#44 /home/visom6/crm_visom6_com/application/app/Http/Middleware/General/Setup.php(37): Illuminate\\Pipeline\\Pipeline->Illuminate\\Pipeline\\{closure}(Object(Illuminate\\Http\\Request))
#45 /home/visom6/crm_visom6_com/application/vendor/laravel/framework/src/Illuminate/Pipeline/Pipeline.php(167): App\\Http\\Middleware\\General\\Setup->handle(Object(Illuminate\\Http\\Request), Object(Closure))
#46 /home/visom6/crm_visom6_com/application/vendor/laravel/framework/src/Illuminate/Pipeline/Pipeline.php(103): Illuminate\\Pipeline\\Pipeline->Illuminate\\Pipeline\\{closure}(Object(Illuminate\\Http\\Request))
#47 /home/visom6/crm_visom6_com/application/vendor/laravel/framework/src/Illuminate/Routing/Router.php(723): Illuminate\\Pipeline\\Pipeline->then(Object(Closure))
#48 /home/visom6/crm_visom6_com/application/vendor/laravel/framework/src/Illuminate/Routing/Router.php(698): Illuminate\\Routing\\Router->runRouteWithinStack(Object(Illuminate\\Routing\\Route), Object(Illuminate\\Http\\Request))
#49 /home/visom6/crm_visom6_com/application/vendor/laravel/framework/src/Illuminate/Routing/Router.php(662): Illuminate\\Routing\\Router->runRoute(Object(Illuminate\\Http\\Request), Object(Illuminate\\Routing\\Route))
#50 /home/visom6/crm_visom6_com/application/vendor/laravel/framework/src/Illuminate/Routing/Router.php(651): Illuminate\\Routing\\Router->dispatchToRoute(Object(Illuminate\\Http\\Request))
#51 /home/visom6/crm_visom6_com/application/vendor/laravel/framework/src/Illuminate/Foundation/Http/Kernel.php(167): Illuminate\\Routing\\Router->dispatch(Object(Illuminate\\Http\\Request))
#52 /home/visom6/crm_visom6_com/application/vendor/laravel/framework/src/Illuminate/Pipeline/Pipeline.php(128): Illuminate\\Foundation\\Http\\Kernel->Illuminate\\Foundation\\Http\\{closure}(Object(Illuminate\\Http\\Request))
#53 /home/visom6/crm_visom6_com/application/vendor/barryvdh/laravel-debugbar/src/Middleware/InjectDebugbar.php(60): Illuminate\\Pipeline\\Pipeline->Illuminate\\Pipeline\\{closure}(Object(Illuminate\\Http\\Request))
#54 /home/visom6/crm_visom6_com/application/vendor/laravel/framework/src/Illuminate/Pipeline/Pipeline.php(167): Barryvdh\\Debugbar\\Middleware\\InjectDebugbar->handle(Object(Illuminate\\Http\\Request), Object(Closure))
#55 /home/visom6/crm_visom6_com/application/vendor/fideloper/proxy/src/TrustProxies.php(57): Illuminate\\Pipeline\\Pipeline->Illuminate\\Pipeline\\{closure}(Object(Illuminate\\Http\\Request))
#56 /home/visom6/crm_visom6_com/application/vendor/laravel/framework/src/Illuminate/Pipeline/Pipeline.php(167): Fideloper\\Proxy\\TrustProxies->handle(Object(Illuminate\\Http\\Request), Object(Closure))
#57 /home/visom6/crm_visom6_com/application/vendor/laravel/framework/src/Illuminate/Foundation/Http/Middleware/TransformsRequest.php(21): Illuminate\\Pipeline\\Pipeline->Illuminate\\Pipeline\\{closure}(Object(Illuminate\\Http\\Request))
#58 /home/visom6/crm_visom6_com/application/vendor/laravel/framework/src/Illuminate/Foundation/Http/Middleware/ConvertEmptyStringsToNull.php(31): Illuminate\\Foundation\\Http\\Middleware\\TransformsRequest->handle(Object(Illuminate\\Http\\Request), Object(Closure))
#59 /home/visom6/crm_visom6_com/application/vendor/laravel/framework/src/Illuminate/Pipeline/Pipeline.php(167): Illuminate\\Foundation\\Http\\Middleware\\ConvertEmptyStringsToNull->handle(Object(Illuminate\\Http\\Request), Object(Closure))
#60 /home/visom6/crm_visom6_com/application/vendor/laravel/framework/src/Illuminate/Foundation/Http/Middleware/TransformsRequest.php(21): Illuminate\\Pipeline\\Pipeline->Illuminate\\Pipeline\\{closure}(Object(Illuminate\\Http\\Request))
#61 /home/visom6/crm_visom6_com/application/vendor/laravel/framework/src/Illuminate/Foundation/Http/Middleware/TrimStrings.php(40): Illuminate\\Foundation\\Http\\Middleware\\TransformsRequest->handle(Object(Illuminate\\Http\\Request), Object(Closure))
#62 /home/visom6/crm_visom6_com/application/vendor/laravel/framework/src/Illuminate/Pipeline/Pipeline.php(167): Illuminate\\Foundation\\Http\\Middleware\\TrimStrings->handle(Object(Illuminate\\Http\\Request), Object(Closure))
#63 /home/visom6/crm_visom6_com/application/vendor/laravel/framework/src/Illuminate/Foundation/Http/Middleware/ValidatePostSize.php(27): Illuminate\\Pipeline\\Pipeline->Illuminate\\Pipeline\\{closure}(Object(Illuminate\\Http\\Request))
#64 /home/visom6/crm_visom6_com/application/vendor/laravel/framework/src/Illuminate/Pipeline/Pipeline.php(167): Illuminate\\Foundation\\Http\\Middleware\\ValidatePostSize->handle(Object(Illuminate\\Http\\Request), Object(Closure))
#65 /home/visom6/crm_visom6_com/application/vendor/laravel/framework/src/Illuminate/Foundation/Http/Middleware/PreventRequestsDuringMaintenance.php(86): Illuminate\\Pipeline\\Pipeline->Illuminate\\Pipeline\\{closure}(Object(Illuminate\\Http\\Request))
#66 /home/visom6/crm_visom6_com/application/vendor/laravel/framework/src/Illuminate/Pipeline/Pipeline.php(167): Illuminate\\Foundation\\Http\\Middleware\\PreventRequestsDuringMaintenance->handle(Object(Illuminate\\Http\\Request), Object(Closure))
#67 /home/visom6/crm_visom6_com/application/vendor/laravel/framework/src/Illuminate/Pipeline/Pipeline.php(103): Illuminate\\Pipeline\\Pipeline->Illuminate\\Pipeline\\{closure}(Object(Illuminate\\Http\\Request))
#68 /home/visom6/crm_visom6_com/application/vendor/laravel/framework/src/Illuminate/Foundation/Http/Kernel.php(142): Illuminate\\Pipeline\\Pipeline->then(Object(Closure))
#69 /home/visom6/crm_visom6_com/application/vendor/laravel/framework/src/Illuminate/Foundation/Http/Kernel.php(111): Illuminate\\Foundation\\Http\\Kernel->sendRequestThroughRouter(Object(Illuminate\\Http\\Request))
#70 /home/visom6/crm_visom6_com/index.php(92): Illuminate\\Foundation\\Http\\Kernel->handle(Object(Illuminate\\Http\\Request))
#71 {main}
"} 
[2023-08-31 22:45:33] production.ERROR: the requested check is invalid {"process":"[permissions][lead]","0":"ac273b4","function":"check","file":"LeadPermissions.php","line":57,"path":"/home/visom6/crm_visom6_com/application/app/Permissions/LeadPermissions.php","check":"particiate"} 
[2023-08-31 22:46:57] production.ERROR: the requested check is invalid {"process":"[permissions][lead]","0":"5b83655","function":"check","file":"LeadPermissions.php","line":57,"path":"/home/visom6/crm_visom6_com/application/app/Permissions/LeadPermissions.php","check":"particiate"} 
[2023-08-31 22:46:59] production.ERROR: the requested check is invalid {"process":"[permissions][lead]","0":"c958c21","function":"check","file":"LeadPermissions.php","line":57,"path":"/home/visom6/crm_visom6_com/application/app/Permissions/LeadPermissions.php","check":"particiate"} 
[2023-08-31 22:47:11] production.ERROR: the requested check is invalid {"process":"[permissions][lead]","0":"c62434b","function":"check","file":"LeadPermissions.php","line":57,"path":"/home/visom6/crm_visom6_com/application/app/Permissions/LeadPermissions.php","check":"particiate"} 
[2023-08-31 22:47:13] production.ERROR: the requested check is invalid {"process":"[permissions][lead]","0":"599b119","function":"check","file":"LeadPermissions.php","line":57,"path":"/home/visom6/crm_visom6_com/application/app/Permissions/LeadPermissions.php","check":"particiate"} 
[2023-08-31 22:47:17] production.ERROR: the requested check is invalid {"process":"[permissions][lead]","0":"8630960","function":"check","file":"LeadPermissions.php","line":57,"path":"/home/visom6/crm_visom6_com/application/app/Permissions/LeadPermissions.php","check":"particiate"} 
[2023-09-01 11:22:48] production.ERROR: the requested check is invalid {"process":"[permissions][lead]","0":"e346591","function":"check","file":"LeadPermissions.php","line":57,"path":"/home/visom6/crm_visom6_com/application/app/Permissions/LeadPermissions.php","check":"particiate"} 
[2023-09-01 11:23:47] production.ERROR: the requested check is invalid {"process":"[permissions][lead]","0":"627572a","function":"check","file":"LeadPermissions.php","line":57,"path":"/home/visom6/crm_visom6_com/application/app/Permissions/LeadPermissions.php","check":"particiate"} 
[2023-09-01 11:25:26] production.ERROR: the requested check is invalid {"process":"[permissions][lead]","0":"d246952","function":"check","file":"LeadPermissions.php","line":57,"path":"/home/visom6/crm_visom6_com/application/app/Permissions/LeadPermissions.php","check":"particiate"} 
[2023-09-01 11:26:32] production.ERROR: the requested check is invalid {"process":"[permissions][lead]","0":"e15837f","function":"check","file":"LeadPermissions.php","line":57,"path":"/home/visom6/crm_visom6_com/application/app/Permissions/LeadPermissions.php","check":"particiate"} 
[2023-09-01 11:27:09] production.ERROR: the requested check is invalid {"process":"[permissions][lead]","0":"5155bc0","function":"check","file":"LeadPermissions.php","line":57,"path":"/home/visom6/crm_visom6_com/application/app/Permissions/LeadPermissions.php","check":"particiate"} 
[2023-09-01 11:27:13] production.ERROR: the requested check is invalid {"process":"[permissions][lead]","0":"d849a09","function":"check","file":"LeadPermissions.php","line":57,"path":"/home/visom6/crm_visom6_com/application/app/Permissions/LeadPermissions.php","check":"particiate"} 
[2023-09-01 11:30:05] production.ERROR: the requested check is invalid {"process":"[permissions][lead]","0":"77cffaf","function":"check","file":"LeadPermissions.php","line":57,"path":"/home/visom6/crm_visom6_com/application/app/Permissions/LeadPermissions.php","check":"particiate"} 
[2023-09-01 11:30:37] production.ERROR: the requested check is invalid {"process":"[permissions][lead]","0":"626c9b7","function":"check","file":"LeadPermissions.php","line":57,"path":"/home/visom6/crm_visom6_com/application/app/Permissions/LeadPermissions.php","check":"particiate"} 
[2023-09-01 11:30:48] production.ERROR: permission denied {"process":"[permissions][leads][assign]","ref":"98950d0","function":"handle","file":"Assign.php","line":65,"path":"/home/visom6/crm_visom6_com/application/app/Http/Middleware/Leads/Assign.php","lead id":"1"} 
[2023-09-01 11:33:00] production.ERROR: permission denied {"process":"[permissions][leads][show]","ref":"8878dd4","function":"handle","file":"Show.php","line":84,"path":"/home/visom6/crm_visom6_com/application/app/Http/Middleware/Leads/Show.php","lead id":"1"} 
[2023-09-01 11:34:46] production.ERROR: the requested check is invalid {"process":"[permissions][lead]","0":"3acf22d","function":"check","file":"LeadPermissions.php","line":57,"path":"/home/visom6/crm_visom6_com/application/app/Permissions/LeadPermissions.php","check":"particiate"} 
[2023-09-01 11:35:31] production.ERROR: the requested check is invalid {"process":"[permissions][lead]","0":"d01b8a7","function":"check","file":"LeadPermissions.php","line":57,"path":"/home/visom6/crm_visom6_com/application/app/Permissions/LeadPermissions.php","check":"particiate"} 
[2023-09-01 12:07:25] production.ERROR: the requested check is invalid {"process":"[permissions][lead]","0":"b8274e4","function":"check","file":"LeadPermissions.php","line":57,"path":"/home/visom6/crm_visom6_com/application/app/Permissions/LeadPermissions.php","check":"particiate"} 
[2023-09-01 12:09:01] production.ERROR: the requested check is invalid {"process":"[permissions][lead]","0":"61b006c","function":"check","file":"LeadPermissions.php","line":57,"path":"/home/visom6/crm_visom6_com/application/app/Permissions/LeadPermissions.php","check":"particiate"} 
[2023-11-22 12:09:09] production.ERROR: permission denied {"process":"[permissions][clients][index]","ref":"6bc8116","function":"handle","file":"Index.php","line":46,"path":"/home/visom6/crm_visom6_com/application/app/Http/Middleware/Clients/Index.php","user_id":10} 
[2023-12-09 17:14:38] production.ERROR: the requested check is invalid {"process":"[permissions][lead]","0":"4647da9","function":"check","file":"LeadPermissions.php","line":57,"path":"/home/visom6/crm_visom6_com/application/app/Permissions/LeadPermissions.php","check":"particiate"} 
[2023-12-09 17:15:20] production.ERROR: the requested check is invalid {"process":"[permissions][lead]","0":"c9fbf03","function":"check","file":"LeadPermissions.php","line":57,"path":"/home/visom6/crm_visom6_com/application/app/Permissions/LeadPermissions.php","check":"particiate"} 
[2023-12-09 17:15:25] production.ERROR: the requested check is invalid {"process":"[permissions][lead]","0":"4224984","function":"check","file":"LeadPermissions.php","line":57,"path":"/home/visom6/crm_visom6_com/application/app/Permissions/LeadPermissions.php","check":"particiate"} 
[2023-12-09 17:15:28] production.ERROR: the requested check is invalid {"process":"[permissions][lead]","0":"bcf8c8f","function":"check","file":"LeadPermissions.php","line":57,"path":"/home/visom6/crm_visom6_com/application/app/Permissions/LeadPermissions.php","check":"particiate"} 
[2023-12-09 17:15:32] production.ERROR: the requested check is invalid {"process":"[permissions][lead]","0":"b2a9aad","function":"check","file":"LeadPermissions.php","line":57,"path":"/home/visom6/crm_visom6_com/application/app/Permissions/LeadPermissions.php","check":"particiate"} 
[2023-12-11 23:31:31] production.ERROR: the requested check is invalid {"process":"[permissions][lead]","0":"f109141","function":"check","file":"LeadPermissions.php","line":57,"path":"/home/visom6/crm_visom6_com/application/app/Permissions/LeadPermissions.php","check":"particiate"} 
[2023-12-25 23:52:09] production.ERROR: the requested check is invalid {"process":"[permissions][lead]","0":"c7ff4b2","function":"check","file":"LeadPermissions.php","line":57,"path":"/home/visom6/crm_visom6_com/application/app/Permissions/LeadPermissions.php","check":"particiate"} 
[2023-12-25 23:52:20] production.ERROR: the requested check is invalid {"process":"[permissions][lead]","0":"b7caf84","function":"check","file":"LeadPermissions.php","line":57,"path":"/home/visom6/crm_visom6_com/application/app/Permissions/LeadPermissions.php","check":"particiate"} 
[2023-12-25 23:52:24] production.ERROR: the requested check is invalid {"process":"[permissions][lead]","0":"4bbd9af","function":"check","file":"LeadPermissions.php","line":57,"path":"/home/visom6/crm_visom6_com/application/app/Permissions/LeadPermissions.php","check":"particiate"} 
[2023-12-25 23:52:26] production.ERROR: the requested check is invalid {"process":"[permissions][lead]","0":"318e70f","function":"check","file":"LeadPermissions.php","line":57,"path":"/home/visom6/crm_visom6_com/application/app/Permissions/LeadPermissions.php","check":"particiate"} 
[2023-12-25 23:52:28] production.ERROR: the requested check is invalid {"process":"[permissions][lead]","0":"e9c849a","function":"check","file":"LeadPermissions.php","line":57,"path":"/home/visom6/crm_visom6_com/application/app/Permissions/LeadPermissions.php","check":"particiate"} 
[2024-01-02 14:17:22] production.ERROR: the requested check is invalid {"process":"[permissions][lead]","0":"4c9db34","function":"check","file":"LeadPermissions.php","line":57,"path":"/home/visom6/crm_visom6_com/application/app/Permissions/LeadPermissions.php","check":"particiate"} 
[2024-01-02 14:17:28] production.ERROR: the requested check is invalid {"process":"[permissions][lead]","0":"a9a402e","function":"check","file":"LeadPermissions.php","line":57,"path":"/home/visom6/crm_visom6_com/application/app/Permissions/LeadPermissions.php","check":"particiate"} 
[2024-01-02 14:17:29] production.ERROR: the requested check is invalid {"process":"[permissions][lead]","0":"0fbf034","function":"check","file":"LeadPermissions.php","line":57,"path":"/home/visom6/crm_visom6_com/application/app/Permissions/LeadPermissions.php","check":"particiate"} 
[2024-01-02 14:17:32] production.ERROR: the requested check is invalid {"process":"[permissions][lead]","0":"28c7563","function":"check","file":"LeadPermissions.php","line":57,"path":"/home/visom6/crm_visom6_com/application/app/Permissions/LeadPermissions.php","check":"particiate"} 
[2024-01-07 01:43:49] production.ERROR: the requested check is invalid {"process":"[permissions][lead]","0":"f86111f","function":"check","file":"LeadPermissions.php","line":57,"path":"/home/visom6/crm_visom6_com/application/app/Permissions/LeadPermissions.php","check":"particiate"} 
[2024-01-07 01:44:15] production.ERROR: the requested check is invalid {"process":"[permissions][lead]","0":"39a0e7e","function":"check","file":"LeadPermissions.php","line":57,"path":"/home/visom6/crm_visom6_com/application/app/Permissions/LeadPermissions.php","check":"particiate"} 
[2024-01-07 01:45:21] production.ERROR: the requested check is invalid {"process":"[permissions][lead]","0":"89e769a","function":"check","file":"LeadPermissions.php","line":57,"path":"/home/visom6/crm_visom6_com/application/app/Permissions/LeadPermissions.php","check":"particiate"} 
[2024-01-07 01:45:48] production.ERROR: the requested check is invalid {"process":"[permissions][lead]","0":"11e3a68","function":"check","file":"LeadPermissions.php","line":57,"path":"/home/visom6/crm_visom6_com/application/app/Permissions/LeadPermissions.php","check":"particiate"} 
[2024-01-07 01:45:52] production.ERROR: the requested check is invalid {"process":"[permissions][lead]","0":"f8f50a9","function":"check","file":"LeadPermissions.php","line":57,"path":"/home/visom6/crm_visom6_com/application/app/Permissions/LeadPermissions.php","check":"particiate"} 
[2024-01-07 01:45:55] production.ERROR: the requested check is invalid {"process":"[permissions][lead]","0":"fd03b22","function":"check","file":"LeadPermissions.php","line":57,"path":"/home/visom6/crm_visom6_com/application/app/Permissions/LeadPermissions.php","check":"particiate"} 
[2024-01-07 01:46:46] production.ERROR: the requested check is invalid {"process":"[permissions][lead]","0":"7d80e47","function":"check","file":"LeadPermissions.php","line":57,"path":"/home/visom6/crm_visom6_com/application/app/Permissions/LeadPermissions.php","check":"particiate"} 
[2024-01-07 01:48:21] production.ERROR: the requested check is invalid {"process":"[permissions][lead]","0":"d58aa90","function":"check","file":"LeadPermissions.php","line":57,"path":"/home/visom6/crm_visom6_com/application/app/Permissions/LeadPermissions.php","check":"particiate"} 
[2024-01-07 01:49:07] production.ERROR: the requested check is invalid {"process":"[permissions][lead]","0":"ea00d90","function":"check","file":"LeadPermissions.php","line":57,"path":"/home/visom6/crm_visom6_com/application/app/Permissions/LeadPermissions.php","check":"particiate"} 
[2024-01-07 01:49:08] production.ERROR: the requested check is invalid {"process":"[permissions][lead]","0":"c3ea234","function":"check","file":"LeadPermissions.php","line":57,"path":"/home/visom6/crm_visom6_com/application/app/Permissions/LeadPermissions.php","check":"particiate"} 
[2024-01-07 01:49:09] production.ERROR: the requested check is invalid {"process":"[permissions][lead]","0":"02de77f","function":"check","file":"LeadPermissions.php","line":57,"path":"/home/visom6/crm_visom6_com/application/app/Permissions/LeadPermissions.php","check":"particiate"} 
[2024-01-07 01:49:28] production.ERROR: the requested check is invalid {"process":"[permissions][lead]","0":"61d3d20","function":"check","file":"LeadPermissions.php","line":57,"path":"/home/visom6/crm_visom6_com/application/app/Permissions/LeadPermissions.php","check":"particiate"} 
[2024-01-07 01:50:11] production.ERROR: the requested check is invalid {"process":"[permissions][lead]","0":"389ff5a","function":"check","file":"LeadPermissions.php","line":57,"path":"/home/visom6/crm_visom6_com/application/app/Permissions/LeadPermissions.php","check":"particiate"} 
[2024-01-07 01:50:20] production.ERROR: the requested check is invalid {"process":"[permissions][lead]","0":"9dd534b","function":"check","file":"LeadPermissions.php","line":57,"path":"/home/visom6/crm_visom6_com/application/app/Permissions/LeadPermissions.php","check":"particiate"} 
[2024-01-07 01:51:05] production.ERROR: the requested check is invalid {"process":"[permissions][lead]","0":"e1e5df2","function":"check","file":"LeadPermissions.php","line":57,"path":"/home/visom6/crm_visom6_com/application/app/Permissions/LeadPermissions.php","check":"particiate"} 
[2024-01-07 01:57:13] production.ERROR: the requested check is invalid {"process":"[permissions][lead]","0":"f20a13f","function":"check","file":"LeadPermissions.php","line":57,"path":"/home/visom6/crm_visom6_com/application/app/Permissions/LeadPermissions.php","check":"particiate"} 
[2024-01-07 23:37:18] production.ERROR: Trying to get property 'bill_invoiceid' of non-object {"userId":1,"exception":"[object] (ErrorException(code: 0): Trying to get property 'bill_invoiceid' of non-object at /home/visom6/crm_visom6_com/application/app/Http/Responses/Invoices/UpdateResponse.php:39)
[stacktrace]
#0 /home/visom6/crm_visom6_com/application/app/Http/Responses/Invoices/UpdateResponse.php(39): Illuminate\\Foundation\\Bootstrap\\HandleExceptions->handleError(8, 'Trying to get p...', '/home/visom6/cr...', 39, Array)
#1 /home/visom6/crm_visom6_com/application/vendor/laravel/framework/src/Illuminate/Routing/Router.php(802): App\\Http\\Responses\\Invoices\\UpdateResponse->toResponse(Object(Illuminate\\Http\\Request))
#2 /home/visom6/crm_visom6_com/application/vendor/laravel/framework/src/Illuminate/Routing/Router.php(789): Illuminate\\Routing\\Router::toResponse(Object(Illuminate\\Http\\Request), Object(App\\Http\\Responses\\Invoices\\UpdateResponse))
#3 /home/visom6/crm_visom6_com/application/vendor/laravel/framework/src/Illuminate/Routing/Router.php(721): Illuminate\\Routing\\Router->prepareResponse(Object(Illuminate\\Http\\Request), Object(App\\Http\\Responses\\Invoices\\UpdateResponse))
#4 /home/visom6/crm_visom6_com/application/vendor/laravel/framework/src/Illuminate/Pipeline/Pipeline.php(128): Illuminate\\Routing\\Router->Illuminate\\Routing\\{closure}(Object(Illuminate\\Http\\Request))
#5 /home/visom6/crm_visom6_com/application/app/Http/Middleware/Invoices/Edit.php(49): Illuminate\\Pipeline\\Pipeline->Illuminate\\Pipeline\\{closure}(Object(Illuminate\\Http\\Request))
#6 /home/visom6/crm_visom6_com/application/vendor/laravel/framework/src/Illuminate/Pipeline/Pipeline.php(167): App\\Http\\Middleware\\Invoices\\Edit->handle(Object(Illuminate\\Http\\Request), Object(Closure))
#7 /home/visom6/crm_visom6_com/application/app/Http/Middleware/Invoices/Index.php(81): Illuminate\\Pipeline\\Pipeline->Illuminate\\Pipeline\\{closure}(Object(Illuminate\\Http\\Request))
#8 /home/visom6/crm_visom6_com/application/vendor/laravel/framework/src/Illuminate/Pipeline/Pipeline.php(167): App\\Http\\Middleware\\Invoices\\Index->handle(Object(Illuminate\\Http\\Request), Object(Closure))
#9 /home/visom6/crm_visom6_com/application/app/Http/Middleware/Modules/Menus.php(34): Illuminate\\Pipeline\\Pipeline->Illuminate\\Pipeline\\{closure}(Object(Illuminate\\Http\\Request))
#10 /home/visom6/crm_visom6_com/application/vendor/laravel/framework/src/Illuminate/Pipeline/Pipeline.php(167): App\\Http\\Middleware\\Modules\\Menus->handle(Object(Illuminate\\Http\\Request), Object(Closure))
#11 /home/visom6/crm_visom6_com/application/app/Http/Middleware/Modules/Visibility.php(55): Illuminate\\Pipeline\\Pipeline->Illuminate\\Pipeline\\{closure}(Object(Illuminate\\Http\\Request))
#12 /home/visom6/crm_visom6_com/application/vendor/laravel/framework/src/Illuminate/Pipeline/Pipeline.php(167): App\\Http\\Middleware\\Modules\\Visibility->handle(Object(Illuminate\\Http\\Request), Object(Closure))
#13 /home/visom6/crm_visom6_com/application/app/Http/Middleware/Modules/Status.php(59): Illuminate\\Pipeline\\Pipeline->Illuminate\\Pipeline\\{closure}(Object(Illuminate\\Http\\Request))
#14 /home/visom6/crm_visom6_com/application/vendor/laravel/framework/src/Illuminate/Pipeline/Pipeline.php(167): App\\Http\\Middleware\\Modules\\Status->handle(Object(Illuminate\\Http\\Request), Object(Closure))
#15 /home/visom6/crm_visom6_com/application/app/Http/Middleware/General/General.php(103): Illuminate\\Pipeline\\Pipeline->Illuminate\\Pipeline\\{closure}(Object(Illuminate\\Http\\Request))
#16 /home/visom6/crm_visom6_com/application/vendor/laravel/framework/src/Illuminate/Pipeline/Pipeline.php(167): App\\Http\\Middleware\\General\\General->handle(Object(Illuminate\\Http\\Request), Object(Closure))
#17 /home/visom6/crm_visom6_com/application/app/Http/Middleware/General/SanityCheck.php(45): Illuminate\\Pipeline\\Pipeline->Illuminate\\Pipeline\\{closure}(Object(Illuminate\\Http\\Request))
#18 /home/visom6/crm_visom6_com/application/vendor/laravel/framework/src/Illuminate/Pipeline/Pipeline.php(167): App\\Http\\Middleware\\General\\SanityCheck->handle(Object(Illuminate\\Http\\Request), Object(Closure))
#19 /home/visom6/crm_visom6_com/application/app/Http/Middleware/General/Settings.php(47): Illuminate\\Pipeline\\Pipeline->Illuminate\\Pipeline\\{closure}(Object(Illuminate\\Http\\Request))
#20 /home/visom6/crm_visom6_com/application/vendor/laravel/framework/src/Illuminate/Pipeline/Pipeline.php(167): App\\Http\\Middleware\\General\\Settings->handle(Object(Illuminate\\Http\\Request), Object(Closure))
#21 /home/visom6/crm_visom6_com/application/vendor/laravel/framework/src/Illuminate/Routing/Middleware/SubstituteBindings.php(50): Illuminate\\Pipeline\\Pipeline->Illuminate\\Pipeline\\{closure}(Object(Illuminate\\Http\\Request))
#22 /home/visom6/crm_visom6_com/application/vendor/laravel/framework/src/Illuminate/Pipeline/Pipeline.php(167): Illuminate\\Routing\\Middleware\\SubstituteBindings->handle(Object(Illuminate\\Http\\Request), Object(Closure))
#23 /home/visom6/crm_visom6_com/application/vendor/laravel/framework/src/Illuminate/Foundation/Http/Middleware/VerifyCsrfToken.php(78): Illuminate\\Pipeline\\Pipeline->Illuminate\\Pipeline\\{closure}(Object(Illuminate\\Http\\Request))
#24 /home/visom6/crm_visom6_com/application/vendor/laravel/framework/src/Illuminate/Pipeline/Pipeline.php(167): Illuminate\\Foundation\\Http\\Middleware\\VerifyCsrfToken->handle(Object(Illuminate\\Http\\Request), Object(Closure))
#25 /home/visom6/crm_visom6_com/application/vendor/laravel/framework/src/Illuminate/View/Middleware/ShareErrorsFromSession.php(49): Illuminate\\Pipeline\\Pipeline->Illuminate\\Pipeline\\{closure}(Object(Illuminate\\Http\\Request))
#26 /home/visom6/crm_visom6_com/application/vendor/laravel/framework/src/Illuminate/Pipeline/Pipeline.php(167): Illuminate\\View\\Middleware\\ShareErrorsFromSession->handle(Object(Illuminate\\Http\\Request), Object(Closure))
#27 /home/visom6/crm_visom6_com/application/vendor/laravel/framework/src/Illuminate/Session/Middleware/StartSession.php(121): Illuminate\\Pipeline\\Pipeline->Illuminate\\Pipeline\\{closure}(Object(Illuminate\\Http\\Request))
#28 /home/visom6/crm_visom6_com/application/vendor/laravel/framework/src/Illuminate/Session/Middleware/StartSession.php(64): Illuminate\\Session\\Middleware\\StartSession->handleStatefulRequest(Object(Illuminate\\Http\\Request), Object(Illuminate\\Session\\Store), Object(Closure))
#29 /home/visom6/crm_visom6_com/application/vendor/laravel/framework/src/Illuminate/Pipeline/Pipeline.php(167): Illuminate\\Session\\Middleware\\StartSession->handle(Object(Illuminate\\Http\\Request), Object(Closure))
#30 /home/visom6/crm_visom6_com/application/vendor/laravel/framework/src/Illuminate/Cookie/Middleware/AddQueuedCookiesToResponse.php(37): Illuminate\\Pipeline\\Pipeline->Illuminate\\Pipeline\\{closure}(Object(Illuminate\\Http\\Request))
#31 /home/visom6/crm_visom6_com/application/vendor/laravel/framework/src/Illuminate/Pipeline/Pipeline.php(167): Illuminate\\Cookie\\Middleware\\AddQueuedCookiesToResponse->handle(Object(Illuminate\\Http\\Request), Object(Closure))
#32 /home/visom6/crm_visom6_com/application/vendor/laravel/framework/src/Illuminate/Cookie/Middleware/EncryptCookies.php(67): Illuminate\\Pipeline\\Pipeline->Illuminate\\Pipeline\\{closure}(Object(Illuminate\\Http\\Request))
#33 /home/visom6/crm_visom6_com/application/vendor/laravel/framework/src/Illuminate/Pipeline/Pipeline.php(167): Illuminate\\Cookie\\Middleware\\EncryptCookies->handle(Object(Illuminate\\Http\\Request), Object(Closure))
#34 /home/visom6/crm_visom6_com/application/app/Http/Middleware/General/Setup.php(37): Illuminate\\Pipeline\\Pipeline->Illuminate\\Pipeline\\{closure}(Object(Illuminate\\Http\\Request))
#35 /home/visom6/crm_visom6_com/application/vendor/laravel/framework/src/Illuminate/Pipeline/Pipeline.php(167): App\\Http\\Middleware\\General\\Setup->handle(Object(Illuminate\\Http\\Request), Object(Closure))
#36 /home/visom6/crm_visom6_com/application/vendor/laravel/framework/src/Illuminate/Pipeline/Pipeline.php(103): Illuminate\\Pipeline\\Pipeline->Illuminate\\Pipeline\\{closure}(Object(Illuminate\\Http\\Request))
#37 /home/visom6/crm_visom6_com/application/vendor/laravel/framework/src/Illuminate/Routing/Router.php(723): Illuminate\\Pipeline\\Pipeline->then(Object(Closure))
#38 /home/visom6/crm_visom6_com/application/vendor/laravel/framework/src/Illuminate/Routing/Router.php(698): Illuminate\\Routing\\Router->runRouteWithinStack(Object(Illuminate\\Routing\\Route), Object(Illuminate\\Http\\Request))
#39 /home/visom6/crm_visom6_com/application/vendor/laravel/framework/src/Illuminate/Routing/Router.php(662): Illuminate\\Routing\\Router->runRoute(Object(Illuminate\\Http\\Request), Object(Illuminate\\Routing\\Route))
#40 /home/visom6/crm_visom6_com/application/vendor/laravel/framework/src/Illuminate/Routing/Router.php(651): Illuminate\\Routing\\Router->dispatchToRoute(Object(Illuminate\\Http\\Request))
#41 /home/visom6/crm_visom6_com/application/vendor/laravel/framework/src/Illuminate/Foundation/Http/Kernel.php(167): Illuminate\\Routing\\Router->dispatch(Object(Illuminate\\Http\\Request))
#42 /home/visom6/crm_visom6_com/application/vendor/laravel/framework/src/Illuminate/Pipeline/Pipeline.php(128): Illuminate\\Foundation\\Http\\Kernel->Illuminate\\Foundation\\Http\\{closure}(Object(Illuminate\\Http\\Request))
#43 /home/visom6/crm_visom6_com/application/vendor/barryvdh/laravel-debugbar/src/Middleware/InjectDebugbar.php(60): Illuminate\\Pipeline\\Pipeline->Illuminate\\Pipeline\\{closure}(Object(Illuminate\\Http\\Request))
#44 /home/visom6/crm_visom6_com/application/vendor/laravel/framework/src/Illuminate/Pipeline/Pipeline.php(167): Barryvdh\\Debugbar\\Middleware\\InjectDebugbar->handle(Object(Illuminate\\Http\\Request), Object(Closure))
#45 /home/visom6/crm_visom6_com/application/vendor/fideloper/proxy/src/TrustProxies.php(57): Illuminate\\Pipeline\\Pipeline->Illuminate\\Pipeline\\{closure}(Object(Illuminate\\Http\\Request))
#46 /home/visom6/crm_visom6_com/application/vendor/laravel/framework/src/Illuminate/Pipeline/Pipeline.php(167): Fideloper\\Proxy\\TrustProxies->handle(Object(Illuminate\\Http\\Request), Object(Closure))
#47 /home/visom6/crm_visom6_com/application/vendor/laravel/framework/src/Illuminate/Foundation/Http/Middleware/TransformsRequest.php(21): Illuminate\\Pipeline\\Pipeline->Illuminate\\Pipeline\\{closure}(Object(Illuminate\\Http\\Request))
#48 /home/visom6/crm_visom6_com/application/vendor/laravel/framework/src/Illuminate/Foundation/Http/Middleware/ConvertEmptyStringsToNull.php(31): Illuminate\\Foundation\\Http\\Middleware\\TransformsRequest->handle(Object(Illuminate\\Http\\Request), Object(Closure))
#49 /home/visom6/crm_visom6_com/application/vendor/laravel/framework/src/Illuminate/Pipeline/Pipeline.php(167): Illuminate\\Foundation\\Http\\Middleware\\ConvertEmptyStringsToNull->handle(Object(Illuminate\\Http\\Request), Object(Closure))
#50 /home/visom6/crm_visom6_com/application/vendor/laravel/framework/src/Illuminate/Foundation/Http/Middleware/TransformsRequest.php(21): Illuminate\\Pipeline\\Pipeline->Illuminate\\Pipeline\\{closure}(Object(Illuminate\\Http\\Request))
#51 /home/visom6/crm_visom6_com/application/vendor/laravel/framework/src/Illuminate/Foundation/Http/Middleware/TrimStrings.php(40): Illuminate\\Foundation\\Http\\Middleware\\TransformsRequest->handle(Object(Illuminate\\Http\\Request), Object(Closure))
#52 /home/visom6/crm_visom6_com/application/vendor/laravel/framework/src/Illuminate/Pipeline/Pipeline.php(167): Illuminate\\Foundation\\Http\\Middleware\\TrimStrings->handle(Object(Illuminate\\Http\\Request), Object(Closure))
#53 /home/visom6/crm_visom6_com/application/vendor/laravel/framework/src/Illuminate/Foundation/Http/Middleware/ValidatePostSize.php(27): Illuminate\\Pipeline\\Pipeline->Illuminate\\Pipeline\\{closure}(Object(Illuminate\\Http\\Request))
#54 /home/visom6/crm_visom6_com/application/vendor/laravel/framework/src/Illuminate/Pipeline/Pipeline.php(167): Illuminate\\Foundation\\Http\\Middleware\\ValidatePostSize->handle(Object(Illuminate\\Http\\Request), Object(Closure))
#55 /home/visom6/crm_visom6_com/application/vendor/laravel/framework/src/Illuminate/Foundation/Http/Middleware/PreventRequestsDuringMaintenance.php(86): Illuminate\\Pipeline\\Pipeline->Illuminate\\Pipeline\\{closure}(Object(Illuminate\\Http\\Request))
#56 /home/visom6/crm_visom6_com/application/vendor/laravel/framework/src/Illuminate/Pipeline/Pipeline.php(167): Illuminate\\Foundation\\Http\\Middleware\\PreventRequestsDuringMaintenance->handle(Object(Illuminate\\Http\\Request), Object(Closure))
#57 /home/visom6/crm_visom6_com/application/vendor/laravel/framework/src/Illuminate/Pipeline/Pipeline.php(103): Illuminate\\Pipeline\\Pipeline->Illuminate\\Pipeline\\{closure}(Object(Illuminate\\Http\\Request))
#58 /home/visom6/crm_visom6_com/application/vendor/laravel/framework/src/Illuminate/Foundation/Http/Kernel.php(142): Illuminate\\Pipeline\\Pipeline->then(Object(Closure))
#59 /home/visom6/crm_visom6_com/application/vendor/laravel/framework/src/Illuminate/Foundation/Http/Kernel.php(111): Illuminate\\Foundation\\Http\\Kernel->sendRequestThroughRouter(Object(Illuminate\\Http\\Request))
#60 /home/visom6/crm_visom6_com/index.php(92): Illuminate\\Foundation\\Http\\Kernel->handle(Object(Illuminate\\Http\\Request))
#61 {main}
"} 
[2024-01-11 15:42:15] production.ERROR: the requested check is invalid {"process":"[permissions][lead]","0":"daee5d9","function":"check","file":"LeadPermissions.php","line":57,"path":"/home/visom6/crm_visom6_com/application/app/Permissions/LeadPermissions.php","check":"particiate"} 
[2024-01-11 15:42:21] production.ERROR: the requested check is invalid {"process":"[permissions][lead]","0":"66cf299","function":"check","file":"LeadPermissions.php","line":57,"path":"/home/visom6/crm_visom6_com/application/app/Permissions/LeadPermissions.php","check":"particiate"} 
[2024-01-11 15:42:24] production.ERROR: the requested check is invalid {"process":"[permissions][lead]","0":"d3d929c","function":"check","file":"LeadPermissions.php","line":57,"path":"/home/visom6/crm_visom6_com/application/app/Permissions/LeadPermissions.php","check":"particiate"} 
[2024-01-11 15:42:26] production.ERROR: the requested check is invalid {"process":"[permissions][lead]","0":"ecd1726","function":"check","file":"LeadPermissions.php","line":57,"path":"/home/visom6/crm_visom6_com/application/app/Permissions/LeadPermissions.php","check":"particiate"} 
[2024-01-11 15:42:28] production.ERROR: the requested check is invalid {"process":"[permissions][lead]","0":"cdd576d","function":"check","file":"LeadPermissions.php","line":57,"path":"/home/visom6/crm_visom6_com/application/app/Permissions/LeadPermissions.php","check":"particiate"} 
[2024-01-16 13:08:26] production.ERROR: the requested check is invalid {"process":"[permissions][lead]","0":"6b0310e","function":"check","file":"LeadPermissions.php","line":57,"path":"/home/visom6/crm_visom6_com/application/app/Permissions/LeadPermissions.php","check":"particiate"} 
[2024-01-16 16:01:59] production.ERROR: the requested check is invalid {"process":"[permissions][lead]","0":"1dae925","function":"check","file":"LeadPermissions.php","line":57,"path":"/home/visom6/crm_visom6_com/application/app/Permissions/LeadPermissions.php","check":"particiate"} 
[2024-01-17 18:08:03] production.ERROR: the requested check is invalid {"process":"[permissions][lead]","0":"a3d3a57","function":"check","file":"LeadPermissions.php","line":57,"path":"/home/visom6/crm_visom6_com/application/app/Permissions/LeadPermissions.php","check":"particiate"} 
[2024-01-17 18:10:16] production.ERROR: the requested check is invalid {"process":"[permissions][lead]","0":"2bc5d0c","function":"check","file":"LeadPermissions.php","line":57,"path":"/home/visom6/crm_visom6_com/application/app/Permissions/LeadPermissions.php","check":"particiate"} 
[2024-01-17 18:10:17] production.ERROR: the requested check is invalid {"process":"[permissions][lead]","0":"1871e24","function":"check","file":"LeadPermissions.php","line":57,"path":"/home/visom6/crm_visom6_com/application/app/Permissions/LeadPermissions.php","check":"particiate"} 
[2024-01-17 18:10:18] production.ERROR: the requested check is invalid {"process":"[permissions][lead]","0":"005c6f5","function":"check","file":"LeadPermissions.php","line":57,"path":"/home/visom6/crm_visom6_com/application/app/Permissions/LeadPermissions.php","check":"particiate"} 
